[0.018s] Invoking command in '/home/mylovetron/bumperbot_ws/build/bumperbot_cpp_example': CMAKE_PREFIX_PATH=${CMAKE_PREFIX_PATH}:/opt/ros/jazzy:/home/mylovetron/bumperbot_ws/install/bumperbot_py_example DEBUGINFOD_URLS=https://debuginfod.ubuntu.com /usr/bin/cmake --build /home/mylovetron/bumperbot_ws/build/bumperbot_cpp_example -- -j16 -l16
[0.072s] [ 16%] [32mBuilding CXX object CMakeFiles/simple_parameter.dir/src/simple_parameter.cpp.o[0m
[0.073s] [ 66%] Built target simple_subscriber
[0.073s] [ 83%] Built target simple_publisher
[2.094s] [01m[K/home/mylovetron/bumperbot_ws/src/bumperbot_cpp_example/src/simple_parameter.cpp:[m[K In constructor â€˜[01m[KSimpleParameter::[01;32m[KSimpleParameter[m[K()[m[Kâ€™:
[2.094s] [01m[K/home/mylovetron/bumperbot_ws/src/bumperbot_cpp_example/src/simple_parameter.cpp:14:122:[m[K [01;31m[Kerror: [m[Kâ€˜[01m[K_1[m[Kâ€™ was not declared in this scope; did you mean â€˜[01m[Kstd::placeholders::_1[m[Kâ€™?
[2.095s]    14 |             param_callback_handle_= add_on_set_parameters_callback(std::bind(&SimpleParameter::paramChangeCallback,this, [01;31m[K_1[m[K));
[2.095s]       |                                                                                                                          [01;31m[K^~[m[K
[2.095s]       |                                                                                                                          [32m[Kstd::placeholders::_1[m[K
[2.095s] In file included from [01m[K/opt/ros/jazzy/include/rclcpp/rclcpp/utilities.hpp:19[m[K,
[2.095s]                  from [01m[K/opt/ros/jazzy/include/rclcpp/rclcpp/logging.hpp:25[m[K,
[2.095s]                  from [01m[K/opt/ros/jazzy/include/rclcpp/rclcpp/copy_all_parameter_values.hpp:27[m[K,
[2.095s]                  from [01m[K/opt/ros/jazzy/include/rclcpp/rclcpp/rclcpp.hpp:171[m[K,
[2.095s]                  from [01m[K/home/mylovetron/bumperbot_ws/src/bumperbot_cpp_example/src/simple_parameter.cpp:1[m[K:
[2.095s] [01m[K/usr/include/c++/13/functional:294:48:[m[K [01;36m[Knote: [m[Kâ€˜[01m[Kstd::placeholders::_1[m[Kâ€™ declared here
[2.095s]   294 |     _GLIBCXX_PLACEHOLDER const _Placeholder<1> [01;36m[K_1[m[K;
[2.095s]       |                                                [01;36m[K^~[m[K
[2.097s] [01m[K/home/mylovetron/bumperbot_ws/src/bumperbot_cpp_example/src/simple_parameter.cpp:[m[K In member function â€˜[01m[Krcl_interfaces::msg::SetParametersResult SimpleParameter::[01;32m[KparamChangeCallback[m[K(const std::vector<rclcpp::Parameter>&)[m[Kâ€™:
[2.097s] [01m[K/home/mylovetron/bumperbot_ws/src/bumperbot_cpp_example/src/simple_parameter.cpp:37:8:[m[K [01;35m[Kwarning: [m[Kno return statement in function returning non-void [[01;35m[K]8;;https://gcc.gnu.org/onlinedocs/gcc/Warning-Options.html#index-Wreturn-type-Wreturn-type]8;;[m[K]
[2.097s]    37 |        [01;35m[K}[m[K
[2.097s]       |        [01;35m[K^[m[K
[2.710s] gmake[2]: *** [CMakeFiles/simple_parameter.dir/build.make:76: CMakeFiles/simple_parameter.dir/src/simple_parameter.cpp.o] Error 1
[2.710s] gmake[1]: *** [CMakeFiles/Makefile2:193: CMakeFiles/simple_parameter.dir/all] Error 2
[2.710s] gmake: *** [Makefile:146: all] Error 2
[2.712s] Invoked command in '/home/mylovetron/bumperbot_ws/build/bumperbot_cpp_example' returned '2': CMAKE_PREFIX_PATH=${CMAKE_PREFIX_PATH}:/opt/ros/jazzy:/home/mylovetron/bumperbot_ws/install/bumperbot_py_example DEBUGINFOD_URLS=https://debuginfod.ubuntu.com /usr/bin/cmake --build /home/mylovetron/bumperbot_ws/build/bumperbot_cpp_example -- -j16 -l16
