-- Found ament_cmake: 2.5.2 (/opt/ros/jazzy/share/ament_cmake/cmake)
-- Found rclcpp: 28.1.5 (/opt/ros/jazzy/share/rclcpp/cmake)
-- Found rosidl_generator_c: 4.6.4 (/opt/ros/jazzy/share/rosidl_generator_c/cmake)
-- Found rosidl_generator_cpp: 4.6.4 (/opt/ros/jazzy/share/rosidl_generator_cpp/cmake)
-- Using all available rosidl_typesupport_c: rosidl_typesupport_fastrtps_c;rosidl_typesupport_introspection_c
-- Using all available rosidl_typesupport_cpp: rosidl_typesupport_fastrtps_cpp;rosidl_typesupport_introspection_cpp
-- Found rmw_implementation_cmake: 7.3.1 (/opt/ros/jazzy/share/rmw_implementation_cmake/cmake)
-- Found rmw_fastrtps_cpp: 8.4.1 (/opt/ros/jazzy/share/rmw_fastrtps_cpp/cmake)
-- Using RMW implementation 'rmw_fastrtps_cpp' as default
-- Found std_msgs: 5.3.5 (/opt/ros/jazzy/share/std_msgs/cmake)
-- Found ament_lint_auto: 0.17.1 (/opt/ros/jazzy/share/ament_lint_auto/cmake)
-- Added test 'cppcheck' to perform static code analysis on C / C++ code
-- Configured cppcheck include dirs: 
-- Configured cppcheck exclude dirs and/or files: 
-- Added test 'lint_cmake' to check CMake code style
-- Added test 'uncrustify' to check C / C++ code style
-- Configured uncrustify additional arguments: 
-- Added test 'xmllint' to check XML markup files
-- Configuring done (0.7s)
-- Generating done (0.0s)
-- Build files have been written to: /home/mylovetron/bumperbot_ws/build/bumperbot_cpp_example
[ 16%] [32mBuilding CXX object CMakeFiles/simple_parameter.dir/src/simple_parameter.cpp.o[0m
[ 50%] [32mBuilding CXX object CMakeFiles/simple_subscriber.dir/src/simple_subscriber.cpp.o[0m
[ 50%] [32mBuilding CXX object CMakeFiles/simple_publisher.dir/src/simple_publisher.cpp.o[0m
[01m[K/home/mylovetron/bumperbot_ws/src/bumperbot_cpp_example/src/simple_parameter.cpp:[m[K In constructor â€˜[01m[KSimpleParameter::[01;32m[KSimpleParameter[m[K()[m[Kâ€™:
[01m[K/home/mylovetron/bumperbot_ws/src/bumperbot_cpp_example/src/simple_parameter.cpp:14:122:[m[K [01;31m[Kerror: [m[Kâ€˜[01m[K_1[m[Kâ€™ was not declared in this scope; did you mean â€˜[01m[Kstd::placeholders::_1[m[Kâ€™?
   14 |             param_callback_handle_= add_on_set_parameters_callback(std::bind(&SimpleParameter::paramChangeCallback,this, [01;31m[K_1[m[K));
      |                                                                                                                          [01;31m[K^~[m[K
      |                                                                                                                          [32m[Kstd::placeholders::_1[m[K
In file included from [01m[K/opt/ros/jazzy/include/rclcpp/rclcpp/utilities.hpp:19[m[K,
                 from [01m[K/opt/ros/jazzy/include/rclcpp/rclcpp/logging.hpp:25[m[K,
                 from [01m[K/opt/ros/jazzy/include/rclcpp/rclcpp/copy_all_parameter_values.hpp:27[m[K,
                 from [01m[K/opt/ros/jazzy/include/rclcpp/rclcpp/rclcpp.hpp:171[m[K,
                 from [01m[K/home/mylovetron/bumperbot_ws/src/bumperbot_cpp_example/src/simple_parameter.cpp:1[m[K:
[01m[K/usr/include/c++/13/functional:294:48:[m[K [01;36m[Knote: [m[Kâ€˜[01m[Kstd::placeholders::_1[m[Kâ€™ declared here
  294 |     _GLIBCXX_PLACEHOLDER const _Placeholder<1> [01;36m[K_1[m[K;
      |                                                [01;36m[K^~[m[K
[01m[K/home/mylovetron/bumperbot_ws/src/bumperbot_cpp_example/src/simple_parameter.cpp:[m[K In member function â€˜[01m[Krcl_interfaces::msg::SetParametersResult SimpleParameter::[01;32m[KparamChangeCallback[m[K(const std::vector<rclcpp::Parameter>&)[m[Kâ€™:
[01m[K/home/mylovetron/bumperbot_ws/src/bumperbot_cpp_example/src/simple_parameter.cpp:37:8:[m[K [01;35m[Kwarning: [m[Kno return statement in function returning non-void [[01;35m[K]8;;https://gcc.gnu.org/onlinedocs/gcc/Warning-Options.html#index-Wreturn-type-Wreturn-type]8;;[m[K]
   37 |        [01;35m[K}[m[K
      |        [01;35m[K^[m[K
gmake[2]: *** [CMakeFiles/simple_parameter.dir/build.make:76: CMakeFiles/simple_parameter.dir/src/simple_parameter.cpp.o] Error 1
gmake[1]: *** [CMakeFiles/Makefile2:193: CMakeFiles/simple_parameter.dir/all] Error 2
gmake[1]: *** Waiting for unfinished jobs....
[ 66%] [32m[1mLinking CXX executable simple_publisher[0m
[ 66%] Built target simple_publisher
[ 83%] [32m[1mLinking CXX executable simple_subscriber[0m
[ 83%] Built target simple_subscriber
gmake: *** [Makefile:146: all] Error 2
