[0.012s] Invoking command in '/home/mylovetron/bumperbot_ws/build/bumperbot_cpp_example': DEBUGINFOD_URLS=https://debuginfod.ubuntu.com /usr/bin/cmake --build /home/mylovetron/bumperbot_ws/build/bumperbot_cpp_example -- -j16 -l16
[0.044s] -- Found ament_cmake: 2.5.2 (/opt/ros/jazzy/share/ament_cmake/cmake)
[1.647s] Traceback (most recent call last):
[1.647s]   File "/opt/ros/jazzy/share/ament_cmake_core/cmake/package_templates/templates_2_cmake.py", line 21, in <module>
[1.648s]     from ament_package.templates import get_environment_hook_template_path
[1.648s] ModuleNotFoundError: No module named 'ament_package'
[1.648s] Error in sys.excepthook:
[1.648s] Traceback (most recent call last):
[1.648s]   File "/usr/lib/python3/dist-packages/apport_python_hook.py", line 228, in partial_apport_excepthook
[1.649s]     return apport_excepthook(binary, exc_type, exc_obj, exc_tb)
[1.649s]            ^^^^^^^^^^^^^^^^^^^^^^^^^^^^^^^^^^^^^^^^^^^^^^^^^^^^
[1.649s]   File "/usr/lib/python3/dist-packages/apport_python_hook.py", line 144, in apport_excepthook
[1.649s]     os.open(pr_filename, os.O_WRONLY | os.O_CREAT | os.O_EXCL, 0o640), "wb"
[1.649s]     ^^^^^^^^^^^^^^^^^^^^^^^^^^^^^^^^^^^^^^^^^^^^^^^^^^^^^^^^^^^^^^^^^
[1.649s] FileExistsError: [Errno 17] File exists: '/var/crash/_opt_ros_jazzy_share_ament_cmake_core_cmake_package_templates_templates_2_cmake.py.1000.crash'
[1.649s] 
[1.649s] Original exception was:
[1.649s] Traceback (most recent call last):
[1.649s]   File "/opt/ros/jazzy/share/ament_cmake_core/cmake/package_templates/templates_2_cmake.py", line 21, in <module>
[1.649s]     from ament_package.templates import get_environment_hook_template_path
[1.649s] ModuleNotFoundError: No module named 'ament_package'
[1.689s] [31mCMake Error at /opt/ros/jazzy/share/ament_cmake_core/cmake/ament_cmake_package_templates-extras.cmake:41 (message):
[1.690s]   execute_process(/usr/bin/python3
[1.690s]   /opt/ros/jazzy/share/ament_cmake_core/cmake/package_templates/templates_2_cmake.py
[1.690s]   /home/mylovetron/bumperbot_ws/build/bumperbot_cpp_example/ament_cmake_package_templates/templates.cmake)
[1.690s]   returned error code 1
[1.690s] Call Stack (most recent call first):
[1.690s]   /opt/ros/jazzy/share/ament_cmake_core/cmake/ament_cmake_coreConfig.cmake:41 (include)
[1.690s]   /opt/ros/jazzy/share/ament_cmake/cmake/ament_cmake_export_dependencies-extras.cmake:15 (find_package)
[1.690s]   /opt/ros/jazzy/share/ament_cmake/cmake/ament_cmakeConfig.cmake:41 (include)
[1.690s]   CMakeLists.txt:9 (find_package)
[1.690s] 
[1.690s] [0m
[1.690s] -- Configuring incomplete, errors occurred!
[1.692s] gmake: *** [Makefile:308: cmake_check_build_system] Error 1
[1.694s] Invoked command in '/home/mylovetron/bumperbot_ws/build/bumperbot_cpp_example' returned '2': DEBUGINFOD_URLS=https://debuginfod.ubuntu.com /usr/bin/cmake --build /home/mylovetron/bumperbot_ws/build/bumperbot_cpp_example -- -j16 -l16
